[soak] start cadence=900s out=soak-runs.jsonl resume_idx=19 max_runs=20
[soak] iter=0 idx=19 cell=coverage ts_start=2026-05-04T17:33:31+00:00
[soak] iter=0 cell=coverage verdict=SHIPPED iters=2 gate=TRUE_GREEN sha_match=True duration=434s run_id=ada11e57-2a0a-4959-bcca-7afc7e351efa
[soak] sleeping 465s until next iter
[soak] iter=1 idx=20 cell=lint ts_start=2026-05-04T17:48:32+00:00
[soak] iter=1 cell=lint verdict=SHIPPED iters=1 gate=TRUE_GREEN sha_match=True duration=215s run_id=6464b788-0467-4eb6-8bca-2d4b75cd9192
[soak] sleeping 683s until next iter
[soak] iter=2 idx=21 cell=test_fail ts_start=2026-05-04T18:03:32+00:00
[soak] iter=2 cell=test_fail verdict=SHIPPED iters=1 gate=TRUE_GREEN sha_match=True duration=235s run_id=adc795d5-bbb7-48e2-85d6-d470500978e0
[soak] sleeping 664s until next iter
[soak] iter=3 idx=22 cell=flake ts_start=2026-05-04T18:18:33+00:00
[soak] iter=3 cell=flake verdict=SHIPPED iters=1 gate=TRUE_GREEN sha_match=True duration=421s run_id=7b754e92-c4b5-4389-be11-6d2b69877f2b
[soak] sleeping 478s until next iter
[soak] iter=4 idx=23 cell=coverage ts_start=2026-05-04T18:33:34+00:00
[soak] iter=4 cell=coverage verdict=FAILED iters=1 gate=NOT_FIXED sha_match=True duration=401s run_id=3474dfa3-fc64-4b15-b0a9-cdf4da21f57b
[soak] sleeping 498s until next iter
[soak] iter=5 idx=24 cell=lint ts_start=2026-05-04T18:48:34+00:00
[soak] iter=5 cell=lint verdict=SHIPPED iters=1 gate=TRUE_GREEN sha_match=True duration=215s run_id=28c22ce9-12ad-42a3-86fa-28203ad5aade
[soak] sleeping 684s until next iter
[soak] /tmp/soak-stop present — exiting cleanly
[soak] exited cleanly after 6 runs
